<?xml version="1.0" encoding="UTF-8"?>
<!-- Generated by org.testng.reporters.JUnitReportReporter -->
<testsuite skipped="1" hostname="SasuKe" name="retryfailures.TestLogin" tests="3" failures="0" timestamp="2021-11-01T17:15:21 FJT" time="0.015" errors="0">
  <testcase name="doLogin" time="0.009" classname="retryfailures.TestLogin"/>
  <system-out/>
  <testcase name="registerUsers" time="0.005" classname="retryfailures.TestLogin">
    <skipped/>
  </testcase> <!-- registerUsers -->
  <system-out/>
  <testcase name="registerUsers" time="0.001" classname="retryfailures.TestLogin"/>
  <system-out/>
</testsuite> <!-- retryfailures.TestLogin -->
